2024-03-18 19:08:56.531 [background-preinit] INFO  org.hibernate.validator.internal.util.Version - HV000001: Hibernate Validator 6.2.5.Final
2024-03-18 19:09:01.510 [main] WARN  org.springframework.boot.StartupInfoLogger - InetAddress.getLocalHost().getHostName() took 5003 milliseconds to respond. Please verify your network configuration (macOS machines may need to add entries to /etc/hosts).
2024-03-18 19:20:23.077 [background-preinit] INFO  org.hibernate.validator.internal.util.Version - HV000001: Hibernate Validator 6.2.5.Final
2024-03-18 19:20:28.076 [main] WARN  org.springframework.boot.StartupInfoLogger - InetAddress.getLocalHost().getHostName() took 5000 milliseconds to respond. Please verify your network configuration (macOS machines may need to add entries to /etc/hosts).
2024-03-18 19:20:33.079 [main] WARN  org.springframework.boot.system.ApplicationPid - ManagementFactory.getRuntimeMXBean().getName() took 5001 milliseconds to respond. This may be due to slow host name resolution. Please verify your network configuration (macOS machines may need to add entries to /etc/hosts).
2024-03-18 19:20:33.087 [main] INFO  com.zdf.trafficsystem.TrafficSystemApplication - Starting TrafficSystemApplication using Java 1.8.0_401 on MrdeMacBook-Pro.local with PID 3956 (/Users/mrzhang/Desktop/Project/star-city/traffic-system/target/classes started by mrzhang in /Users/mrzhang/Desktop/Project/star-city)
2024-03-18 19:20:33.087 [main] INFO  com.zdf.trafficsystem.TrafficSystemApplication - The following 1 profile is active: "dev"
2024-03-18 19:20:33.788 [main] INFO  o.s.d.r.config.RepositoryConfigurationDelegate - Bootstrapping Spring Data JPA repositories in DEFAULT mode.
2024-03-18 19:20:33.852 [main] INFO  o.s.d.r.config.RepositoryConfigurationDelegate - Finished Spring Data repository scanning in 50 ms. Found 1 JPA repository interfaces.
2024-03-18 19:20:34.460 [main] INFO  o.s.boot.web.embedded.tomcat.TomcatWebServer - Tomcat initialized with port(s): 8081 (http)
2024-03-18 19:20:34.471 [main] INFO  org.apache.coyote.http11.Http11NioProtocol - Initializing ProtocolHandler ["http-nio-8081"]
2024-03-18 19:20:34.472 [main] INFO  org.apache.catalina.core.StandardService - Starting service [Tomcat]
2024-03-18 19:20:34.472 [main] INFO  org.apache.catalina.core.StandardEngine - Starting Servlet engine: [Apache Tomcat/9.0.83]
2024-03-18 19:20:34.794 [main] INFO  o.a.c.core.ContainerBase.[Tomcat].[localhost].[/] - Initializing Spring embedded WebApplicationContext
2024-03-18 19:20:34.794 [main] INFO  o.s.b.w.s.c.ServletWebServerApplicationContext - Root WebApplicationContext: initialization completed in 1660 ms
2024-03-18 19:20:34.910 [main] INFO  com.zaxxer.hikari.HikariDataSource - HikariPool-1 - Starting...
2024-03-18 19:20:35.512 [main] INFO  com.zaxxer.hikari.HikariDataSource - HikariPool-1 - Start completed.
2024-03-18 19:20:35.563 [main] INFO  org.hibernate.jpa.internal.util.LogHelper - HHH000204: Processing PersistenceUnitInfo [name: default]
2024-03-18 19:20:35.637 [main] INFO  org.hibernate.Version - HHH000412: Hibernate ORM core version 5.6.15.Final
2024-03-18 19:20:35.848 [main] INFO  org.hibernate.annotations.common.Version - HCANN000001: Hibernate Commons Annotations {5.1.2.Final}
2024-03-18 19:20:36.015 [main] INFO  org.hibernate.dialect.Dialect - HHH000400: Using dialect: org.hibernate.dialect.MySQL8Dialect
2024-03-18 19:20:36.735 [main] INFO  o.h.e.t.jta.platform.internal.JtaPlatformInitiator - HHH000490: Using JtaPlatform implementation: [org.hibernate.engine.transaction.jta.platform.internal.NoJtaPlatform]
2024-03-18 19:20:36.750 [main] INFO  o.s.orm.jpa.LocalContainerEntityManagerFactoryBean - Initialized JPA EntityManagerFactory for persistence unit 'default'
2024-03-18 19:20:37.077 [main] WARN  o.s.b.a.o.j.JpaBaseConfiguration$JpaWebConfiguration - spring.jpa.open-in-view is enabled by default. Therefore, database queries may be performed during view rendering. Explicitly configure spring.jpa.open-in-view to disable this warning
2024-03-18 19:20:37.438 [main] INFO  org.apache.coyote.http11.Http11NioProtocol - Starting ProtocolHandler ["http-nio-8081"]
2024-03-18 19:20:37.460 [main] INFO  o.s.boot.web.embedded.tomcat.TomcatWebServer - Tomcat started on port(s): 8081 (http) with context path ''
2024-03-18 19:20:37.470 [main] INFO  com.zdf.trafficsystem.TrafficSystemApplication - Started TrafficSystemApplication in 25.085 seconds (JVM running for 30.945)
2024-03-18 19:21:41.787 [http-nio-8081-exec-1] INFO  o.a.c.core.ContainerBase.[Tomcat].[localhost].[/] - Initializing Spring DispatcherServlet 'dispatcherServlet'
2024-03-18 19:21:41.787 [http-nio-8081-exec-1] INFO  org.springframework.web.servlet.DispatcherServlet - Initializing Servlet 'dispatcherServlet'
2024-03-18 19:21:41.790 [http-nio-8081-exec-1] INFO  org.springframework.web.servlet.DispatcherServlet - Completed initialization in 2 ms
2024-03-18 19:21:41.817 [http-nio-8081-exec-1] INFO  com.zdf.trafficsystem.user.service.UserService - query all user
2024-03-18 19:22:30.265 [SpringApplicationShutdownHook] INFO  o.s.orm.jpa.LocalContainerEntityManagerFactoryBean - Closing JPA EntityManagerFactory for persistence unit 'default'
2024-03-18 19:22:30.277 [SpringApplicationShutdownHook] INFO  com.zaxxer.hikari.HikariDataSource - HikariPool-1 - Shutdown initiated...
2024-03-18 19:22:30.314 [SpringApplicationShutdownHook] INFO  com.zaxxer.hikari.HikariDataSource - HikariPool-1 - Shutdown completed.
2024-03-18 23:52:21.684 [background-preinit] INFO  org.hibernate.validator.internal.util.Version - HV000001: Hibernate Validator 6.2.5.Final
2024-03-18 23:52:26.694 [main] WARN  org.springframework.boot.StartupInfoLogger - InetAddress.getLocalHost().getHostName() took 5002 milliseconds to respond. Please verify your network configuration (macOS machines may need to add entries to /etc/hosts).
2024-03-18 23:52:31.697 [main] WARN  org.springframework.boot.system.ApplicationPid - ManagementFactory.getRuntimeMXBean().getName() took 5001 milliseconds to respond. This may be due to slow host name resolution. Please verify your network configuration (macOS machines may need to add entries to /etc/hosts).
2024-03-18 23:52:31.705 [main] INFO  com.zdf.trafficsystem.TrafficSystemApplication - Starting TrafficSystemApplication using Java 1.8.0_401 on MrdeMacBook-Pro.local with PID 6321 (/Users/mrzhang/Desktop/Project/star-city/traffic-system/target/classes started by mrzhang in /Users/mrzhang/Desktop/Project/star-city)
2024-03-18 23:52:31.705 [main] INFO  com.zdf.trafficsystem.TrafficSystemApplication - The following 1 profile is active: "dev"
2024-03-18 23:52:32.407 [main] INFO  o.s.d.r.config.RepositoryConfigurationDelegate - Bootstrapping Spring Data JPA repositories in DEFAULT mode.
2024-03-18 23:52:32.468 [main] INFO  o.s.d.r.config.RepositoryConfigurationDelegate - Finished Spring Data repository scanning in 48 ms. Found 1 JPA repository interfaces.
2024-03-18 23:52:33.046 [main] INFO  o.s.boot.web.embedded.tomcat.TomcatWebServer - Tomcat initialized with port(s): 8081 (http)
2024-03-18 23:52:33.058 [main] INFO  org.apache.coyote.http11.Http11NioProtocol - Initializing ProtocolHandler ["http-nio-8081"]
2024-03-18 23:52:33.060 [main] INFO  org.apache.catalina.core.StandardService - Starting service [Tomcat]
2024-03-18 23:52:33.060 [main] INFO  org.apache.catalina.core.StandardEngine - Starting Servlet engine: [Apache Tomcat/9.0.83]
2024-03-18 23:52:33.270 [main] INFO  o.a.c.core.ContainerBase.[Tomcat].[localhost].[/] - Initializing Spring embedded WebApplicationContext
2024-03-18 23:52:33.270 [main] INFO  o.s.b.w.s.c.ServletWebServerApplicationContext - Root WebApplicationContext: initialization completed in 1507 ms
2024-03-18 23:52:33.396 [main] INFO  com.zaxxer.hikari.HikariDataSource - HikariPool-1 - Starting...
2024-03-18 23:52:33.910 [main] INFO  com.zaxxer.hikari.HikariDataSource - HikariPool-1 - Start completed.
2024-03-18 23:52:33.964 [main] INFO  org.hibernate.jpa.internal.util.LogHelper - HHH000204: Processing PersistenceUnitInfo [name: default]
2024-03-18 23:52:34.036 [main] INFO  org.hibernate.Version - HHH000412: Hibernate ORM core version 5.6.15.Final
2024-03-18 23:52:34.269 [main] INFO  org.hibernate.annotations.common.Version - HCANN000001: Hibernate Commons Annotations {5.1.2.Final}
2024-03-18 23:52:34.457 [main] INFO  org.hibernate.dialect.Dialect - HHH000400: Using dialect: org.hibernate.dialect.MySQL8Dialect
2024-03-18 23:52:35.217 [main] INFO  o.h.e.t.jta.platform.internal.JtaPlatformInitiator - HHH000490: Using JtaPlatform implementation: [org.hibernate.engine.transaction.jta.platform.internal.NoJtaPlatform]
2024-03-18 23:52:35.232 [main] INFO  o.s.orm.jpa.LocalContainerEntityManagerFactoryBean - Initialized JPA EntityManagerFactory for persistence unit 'default'
2024-03-18 23:52:35.603 [main] WARN  o.s.b.a.o.j.JpaBaseConfiguration$JpaWebConfiguration - spring.jpa.open-in-view is enabled by default. Therefore, database queries may be performed during view rendering. Explicitly configure spring.jpa.open-in-view to disable this warning
2024-03-18 23:52:36.009 [main] INFO  org.apache.coyote.http11.Http11NioProtocol - Starting ProtocolHandler ["http-nio-8081"]
2024-03-18 23:52:36.047 [main] INFO  o.s.boot.web.embedded.tomcat.TomcatWebServer - Tomcat started on port(s): 8081 (http) with context path ''
2024-03-18 23:52:36.060 [main] INFO  com.zdf.trafficsystem.TrafficSystemApplication - Started TrafficSystemApplication in 24.964 seconds (JVM running for 30.769)
2024-03-19 00:01:14.885 [http-nio-8081-exec-1] INFO  o.a.c.core.ContainerBase.[Tomcat].[localhost].[/] - Initializing Spring DispatcherServlet 'dispatcherServlet'
2024-03-19 00:01:14.886 [http-nio-8081-exec-1] INFO  org.springframework.web.servlet.DispatcherServlet - Initializing Servlet 'dispatcherServlet'
2024-03-19 00:01:14.898 [http-nio-8081-exec-1] INFO  org.springframework.web.servlet.DispatcherServlet - Completed initialization in 2 ms
2024-03-19 00:03:32.588 [http-nio-8081-exec-4] INFO  com.zdf.trafficsystem.user.service.UserService - query all user
2024-03-19 00:05:50.681 [SpringApplicationShutdownHook] INFO  o.s.orm.jpa.LocalContainerEntityManagerFactoryBean - Closing JPA EntityManagerFactory for persistence unit 'default'
2024-03-19 00:05:50.687 [SpringApplicationShutdownHook] INFO  com.zaxxer.hikari.HikariDataSource - HikariPool-1 - Shutdown initiated...
2024-03-19 00:05:50.703 [SpringApplicationShutdownHook] INFO  com.zaxxer.hikari.HikariDataSource - HikariPool-1 - Shutdown completed.
